<?xml version="1.0" encoding="UTF-8"?>
<!-- Generated by org.testng.reporters.JUnitReportReporter -->
<testsuite hostname="LAPTOP-1NQ3MN4I" failures="0" tests="1" name="com.qa.selenium.tests.HomePageTest" time="0.104" errors="0" timestamp="13 Aug 2020 13:17:07 GMT" skipped="0">
  <testcase classname="com.qa.selenium.tests.HomePageTest" name="verifyUserName" time="0.104"/>
</testsuite> <!-- com.qa.selenium.tests.HomePageTest -->
