<?xml version="1.0" encoding="UTF-8"?>
<!-- Generated by org.testng.reporters.JUnitReportReporter -->
<testsuite hostname="LAPTOP-1NQ3MN4I" failures="0" tests="1" name="com.qa.selenium.tests.LoginPageTest" time="2.343" errors="0" timestamp="13 Aug 2020 13:17:07 GMT" skipped="0">
  <testcase classname="com.qa.selenium.tests.LoginPageTest" name="verifyLoginPage" time="2.343"/>
</testsuite> <!-- com.qa.selenium.tests.LoginPageTest -->
