<?xml version="1.0" encoding="UTF-8"?>
<!-- Generated by org.testng.reporters.JUnitReportReporter -->
<testsuite hostname="LAPTOP-1NQ3MN4I" failures="0" tests="1" name="com.qa.selenium.tests.LoginPageTest" time="1.799" errors="0" timestamp="30 Aug 2020 07:02:34 GMT" skipped="0">
  <testcase classname="com.qa.selenium.tests.LoginPageTest" name="verifyLoginPage" time="1.799"/>
</testsuite> <!-- com.qa.selenium.tests.LoginPageTest -->
