<?xml version="1.0" encoding="UTF-8"?>
<!-- Generated by org.testng.reporters.JUnitReportReporter -->
<testsuite hostname="LAPTOP-1NQ3MN4I" failures="0" tests="2" name="com.qa.selenium.tests.LoginPageTest" time="0.000" errors="0" timestamp="13 Aug 2020 13:09:42 GMT" skipped="2">
  <testcase classname="com.qa.selenium.tests.LoginPageTest" name="verifyLoginPage" time="0.000">
    <skipped/>
  </testcase> <!-- verifyLoginPage -->
  <testcase classname="com.qa.selenium.tests.LoginPageTest" name="verifyLoginPage" time="0.000">
    <skipped/>
  </testcase> <!-- verifyLoginPage -->
</testsuite> <!-- com.qa.selenium.tests.LoginPageTest -->
